\BOOKMARK [1][-]{section.1}{\376\377\000I\000n\000t\000r\000o\000d\000u\000c\000t\000i\000o\000n}{}% 1
\BOOKMARK [1][-]{section.2}{\376\377\000T\000h\000e\000\040\000M\000o\000d\000e\000l\000\040}{}% 2
\BOOKMARK [2][-]{subsection.2.1}{\376\377\000R\000a\000t\000i\000o\000n\000a\000l\000\040\000I\000n\000a\000t\000t\000e\000n\000t\000i\000o\000n\000\040\000a\000n\000d\000\040\000T\000i\000m\000e\000\040\000D\000i\000s\000c\000o\000u\000n\000t\000i\000n\000g}{section.2}% 3
\BOOKMARK [2][-]{subsection.2.2}{\376\377\000T\000h\000e\000\040\000R\000a\000t\000i\000o\000n\000a\000l\000e\000\040\000B\000e\000h\000i\000n\000d\000\040\000M\000u\000t\000u\000a\000l\000\040\000I\000n\000f\000o\000r\000m\000a\000t\000i\000o\000n}{section.2}% 4
\BOOKMARK [1][-]{section.3}{\376\377\000I\000m\000p\000l\000i\000c\000a\000t\000i\000o\000n\000s\000\040\000i\000n\000\040\000T\000i\000m\000e\000\040\000P\000r\000e\000f\000e\000r\000e\000n\000c\000e\000s\000\040}{}% 5
\BOOKMARK [2][-]{subsection.3.1}{\376\377\000V\000a\000l\000u\000a\000t\000i\000o\000n\000\040\000o\000f\000\040\000A\000\040\000D\000e\000l\000a\000y\000e\000d\000\040\000R\000e\000w\000a\000r\000d}{section.3}% 6
\BOOKMARK [2][-]{subsection.3.2}{\376\377\000H\000i\000d\000d\000e\000n\000\040\000Z\000e\000r\000o\000\040\000E\000f\000f\000e\000c\000t}{section.3}% 7
\BOOKMARK [2][-]{subsection.3.3}{\376\377\000C\000o\000m\000m\000o\000n\000\040\000D\000i\000f\000f\000e\000r\000e\000n\000c\000e\000\040\000E\000f\000f\000e\000c\000t}{section.3}% 8
\BOOKMARK [2][-]{subsection.3.4}{\376\377\000M\000a\000g\000n\000i\000t\000u\000d\000e\000\040\000E\000f\000f\000e\000c\000t}{section.3}% 9
\BOOKMARK [2][-]{subsection.3.5}{\376\377\000C\000o\000n\000c\000a\000v\000i\000t\000y\000\040\000o\000f\000\040\000T\000i\000m\000e\000\040\000D\000i\000s\000c\000o\000u\000n\000t\000i\000n\000g}{section.3}% 10
\BOOKMARK [2][-]{subsection.3.6}{\376\377\000V\000i\000o\000l\000a\000t\000i\000o\000n\000\040\000o\000f\000\040\000D\000i\000m\000i\000n\000i\000s\000h\000i\000n\000g\000\040\000S\000e\000n\000s\000i\000t\000i\000v\000i\000t\000y}{section.3}% 11
\BOOKMARK [2][-]{subsection.3.7}{\376\377\000I\000n\000s\000e\000p\000a\000r\000a\000b\000i\000l\000i\000t\000y\000\040\000o\000f\000\040\000S\000e\000q\000u\000e\000n\000c\000e\000s}{section.3}% 12
\BOOKMARK [1][-]{section.4}{\376\377\000I\000m\000p\000l\000i\000c\000a\000t\000i\000o\000n\000s\000\040\000i\000n\000\040\000D\000y\000n\000a\000m\000i\000c\000a\000l\000l\000y\000\040\000I\000n\000c\000o\000n\000s\000i\000s\000t\000e\000n\000t\000\040\000P\000l\000a\000n\000n\000i\000n\000g}{}% 13
\BOOKMARK [2][-]{subsection.4.1}{\376\377\000W\000e\000i\000g\000h\000t\000\040\000U\000p\000d\000a\000t\000i\000n\000g\000\040\000a\000n\000d\000\040\000A\000t\000t\000e\000n\000t\000i\000o\000n\000-\000G\000r\000a\000b\000b\000i\000n\000g\000\040\000E\000f\000f\000e\000c\000t}{section.4}% 14
\BOOKMARK [2][-]{subsection.4.2}{\376\377\000E\000x\000c\000e\000s\000s\000\040\000S\000m\000o\000o\000t\000h\000n\000e\000s\000s\000\040\000a\000n\000d\000\040\000S\000e\000n\000s\000i\000t\000i\000v\000i\000t\000y\000\040\000o\000f\000\040\000C\000o\000n\000s\000u\000m\000p\000t\000i\000o\000n}{section.4}% 15
\BOOKMARK [1][-]{section.5}{\376\377\000E\000m\000p\000i\000r\000i\000c\000a\000l\000\040\000A\000n\000a\000l\000y\000s\000i\000s}{}% 16
\BOOKMARK [1][-]{section.6}{\376\377\000D\000i\000s\000c\000u\000s\000s\000i\000o\000n}{}% 17
\BOOKMARK [2][-]{subsection.6.1}{\376\377\000C\000o\000m\000p\000a\000r\000i\000s\000o\000n\000\040\000W\000i\000t\000h\000\040\000O\000t\000h\000e\000r\000\040\000R\000e\000l\000a\000t\000e\000d\000\040\000M\000o\000d\000e\000l\000s}{section.6}% 18
\BOOKMARK [2][-]{subsection.6.2}{\376\377\000T\000h\000e\000\040\000S\000a\000m\000p\000l\000i\000n\000g\000\040\000P\000r\000o\000c\000e\000s\000s\000\040\000U\000n\000d\000e\000r\000l\000y\000i\000n\000g\000\040\000A\000D\000U}{section.6}% 19
\BOOKMARK [2][-]{subsection.6.3}{\376\377\000P\000o\000t\000e\000n\000t\000i\000a\000l\000\040\000R\000e\000s\000e\000a\000r\000c\000h\000\040\000D\000i\000r\000e\000c\000t\000i\000o\000n\000s}{section.6}% 20
