\BOOKMARK [1][-]{section.1}{\376\377\000I\000n\000t\000r\000o\000d\000u\000c\000t\000i\000o\000n}{}% 1
\BOOKMARK [1][-]{section.2}{\376\377\000A\000t\000t\000e\000n\000t\000i\000o\000n\000a\000l\000\040\000D\000i\000s\000c\000o\000u\000n\000t\000e\000d\000\040\000U\000t\000i\000l\000i\000t\000y\000\040}{}% 2
\BOOKMARK [2][-]{subsection.2.1}{\376\377\000T\000h\000e\000\040\000M\000o\000d\000e\000l}{section.2}% 3
\BOOKMARK [2][-]{subsection.2.2}{\376\377\000R\000e\000l\000a\000t\000e\000d\000\040\000L\000i\000t\000e\000r\000a\000t\000u\000r\000e}{section.2}% 4
\BOOKMARK [2][-]{subsection.2.3}{\376\377\000B\000e\000h\000a\000v\000i\000o\000r\000a\000l\000\040\000I\000m\000p\000l\000i\000c\000a\000t\000i\000o\000n\000s}{section.2}% 5
\BOOKMARK [3][-]{subsubsection.2.3.1}{\376\377\000A\000D\000U\000\040\000i\000s\000\040\000g\000e\000n\000e\000r\000a\000l\000l\000y\000\040\000c\000o\000n\000s\000i\000s\000t\000e\000n\000t\000\040\000w\000i\000t\000h\000\040\000`\000`\000h\000i\000d\000d\000e\000n\000\040\000z\000e\000r\000o\000\040\000e\000f\000f\000e\000c\000t\000'\000'}{subsection.2.3}% 6
\BOOKMARK [3][-]{subsubsection.2.3.2}{\376\377\000T\000h\000e\000\040\000r\000e\000q\000u\000i\000r\000e\000m\000e\000n\000t\000\040\000o\000f\000\040\000m\000a\000g\000n\000i\000t\000u\000d\000e\000\040\000e\000f\000f\000e\000c\000t\000\040\000o\000n\000\040\000u\000t\000i\000l\000i\000t\000y\000\040\000f\000u\000n\000c\000t\000i\000o\000n\000\040\000c\000a\000n\000\040\000b\000e\000\040\000r\000e\000l\000a\000x\000e\000d\000\040\000u\000n\000d\000e\000r\000\040\000A\000D\000U\000S}{subsection.2.3}% 7
\BOOKMARK [3][-]{subsubsection.2.3.3}{\376\377\000A\000D\000U\000S\000\040\000s\000p\000e\000c\000i\000f\000i\000e\000s\000\040\000a\000\040\000n\000o\000v\000e\000l\000\040\000c\000o\000n\000d\000i\000t\000i\000o\000n\000\040\000f\000o\000r\000\040\000c\000o\000m\000m\000o\000n\000\040\000d\000i\000f\000f\000e\000r\000e\000n\000c\000e\000\040\000e\000f\000f\000e\000c\000t}{subsection.2.3}% 8
\BOOKMARK [3][-]{subsubsection.2.3.4}{\376\377\000D\000i\000s\000c\000o\000u\000n\000t\000\040\000f\000u\000n\000c\000t\000i\000o\000n\000\040\000m\000a\000y\000\040\000b\000e\000\040\000c\000o\000n\000c\000a\000v\000e\000\040\000f\000o\000r\000\040\000t\000h\000e\000\040\000n\000e\000a\000r\000\040\000f\000u\000t\000u\000r\000e\000\040\000a\000n\000d\000\040\000c\000o\000n\000v\000e\000x\000\040\000f\000o\000r\000\040\000t\000h\000e\000\040\000f\000a\000r\000\040\000f\000u\000t\000u\000r\000e}{subsection.2.3}% 9
\BOOKMARK [3][-]{subsubsection.2.3.5}{\376\377\000A\000D\000U\000S\000\040\000o\000f\000f\000e\000r\000s\000\040\000a\000n\000\040\000a\000l\000t\000e\000r\000n\000a\000t\000i\000v\000e\000\040\000a\000c\000c\000o\000u\000n\000t\000\040\000f\000o\000r\000\040\000S\000-\000s\000h\000a\000p\000e\000d\000\040\000v\000a\000l\000u\000e\000\040\000f\000u\000n\000c\000t\000i\000o\000n}{subsection.2.3}% 10
\BOOKMARK [3][-]{subsubsection.2.3.6}{\376\377\000I\000n\000a\000t\000t\000e\000n\000t\000i\000v\000e\000\040\000d\000e\000c\000i\000s\000i\000o\000n\000\040\000m\000a\000k\000e\000r\000s\000\040\000p\000e\000r\000f\000o\000r\000m\000\040\000l\000e\000s\000s\000\040\000i\000n\000c\000o\000n\000s\000i\000s\000t\000e\000n\000t\000\040\000b\000e\000h\000a\000v\000i\000o\000r\000s}{subsection.2.3}% 11
\BOOKMARK [2][-]{subsection.2.4}{\376\377\000A\000x\000i\000o\000m\000i\000z\000a\000t\000i\000o\000n\000\040\000o\000f\000\040\000A\000D\000U\000S\000\040}{section.2}% 12
\BOOKMARK [1][-]{section.3}{\376\377\000A\000t\000t\000e\000n\000t\000i\000o\000n\000\040\000A\000l\000l\000o\000c\000a\000t\000i\000o\000n\000\040\000o\000v\000e\000r\000\040\000S\000e\000q\000u\000e\000n\000t\000i\000a\000l\000\040\000O\000u\000t\000c\000o\000m\000e\000s\000:\000\040\000A\000n\000\040\000E\000x\000p\000e\000r\000i\000m\000e\000n\000t\000a\000l\000\040\000T\000e\000s\000t\000\040}{}% 13
\BOOKMARK [2][-]{subsection.3.1}{\376\377\000M\000o\000t\000i\000v\000a\000t\000i\000o\000n}{section.3}% 14
\BOOKMARK [2][-]{subsection.3.2}{\376\377\000E\000x\000p\000e\000r\000i\000m\000e\000n\000t\000a\000l\000\040\000D\000e\000s\000i\000g\000n}{section.3}% 15
\BOOKMARK [2][-]{subsection.3.3}{\376\377\000P\000i\000l\000o\000t\000\040\000S\000t\000u\000d\000y}{section.3}% 16
\BOOKMARK [1][-]{section.4}{\376\377\000V\000a\000l\000u\000a\000t\000i\000o\000n\000\040\000o\000f\000\040\000R\000i\000s\000k\000\040\000a\000n\000d\000\040\000E\000f\000f\000o\000r\000t\000\040}{}% 17
\BOOKMARK [2][-]{subsection.4.1}{\376\377\000E\000x\000p\000e\000r\000i\000m\000e\000n\000t\000a\000l\000\040\000P\000r\000o\000c\000e\000d\000u\000r\000e}{section.4}% 18
\BOOKMARK [2][-]{subsection.4.2}{\376\377\000B\000e\000h\000a\000v\000i\000o\000r\000a\000l\000\040\000I\000m\000p\000l\000i\000c\000a\000t\000i\000o\000n\000s}{section.4}% 19
\BOOKMARK [1][-]{section.5}{\376\377\000T\000i\000m\000e\000\040\000S\000c\000h\000e\000d\000u\000l\000e}{}% 20
